{"message":"undefined - API Server Start At Port 3000","level":"info","timestamp":"2021-05-08 06:13:19"}
{"message":"undefined - API Server Start At Port 3000","level":"info","timestamp":"2021-05-08 06:22:22"}
{"message":"undefined - API Server Start At Port 3000","level":"info","timestamp":"2021-05-08 06:37:26"}
{"message":"undefined - API Server Start At Port 3000","level":"info","timestamp":"2021-05-08 06:38:28"}
{"message":"undefined - API Server Start At Port 3000","level":"info","timestamp":"2021-05-08 06:38:30"}
{"message":"undefined - API Server Start At Port 3000","level":"info","timestamp":"2021-05-08 06:43:02"}
{"message":"undefined - API Server Start At Port 3000","level":"info","timestamp":"2021-05-08 06:43:04"}
{"message":"undefined - API Server Start At Port 3000","level":"info","timestamp":"2021-05-08 06:43:43"}
{"message":"undefined - API Server Start At Port 3000","level":"info","timestamp":"2021-05-08 06:43:44"}
{"message":"undefined - API Server Start At Port 3000","level":"info","timestamp":"2021-05-08 06:44:20"}
{"message":"undefined - API Server Start At Port 3000","level":"info","timestamp":"2021-05-08 06:44:21"}
{"message":"undefined - API Server Start At Port 3000","level":"info","timestamp":"2021-05-08 06:45:12"}
{"message":"undefined - API Server Start At Port 3000","level":"info","timestamp":"2021-05-08 06:45:14"}
{"message":"undefined - API Server Start At Port 3000","level":"info","timestamp":"2021-05-08 06:47:26"}
{"message":"undefined - API Server Start At Port 3000","level":"info","timestamp":"2021-05-08 06:47:28"}
{"message":"undefined - API Server Start At Port 3000","level":"info","timestamp":"2021-05-08 06:55:52"}
{"message":"undefined - API Server Start At Port 3000","level":"info","timestamp":"2021-05-08 06:55:54"}
{"message":"undefined - API Server Start At Port 3000","level":"info","timestamp":"2021-05-08 07:09:43"}
{"message":"undefined - API Server Start At Port 3000","level":"info","timestamp":"2021-05-08 07:09:45"}
{"message":"undefined - API Server Start At Port 3000","level":"info","timestamp":"2021-05-08 07:10:30"}
{"message":"undefined - API Server Start At Port 3000","level":"info","timestamp":"2021-05-08 11:45:16"}
{"message":"undefined - API Server Start At Port 3000","level":"info","timestamp":"2021-05-08 11:45:17"}
{"message":"undefined - API Server Start At Port 3000","level":"info","timestamp":"2021-05-08 11:45:27"}
{"message":"undefined - API Server Start At Port 3000","level":"info","timestamp":"2021-05-08 11:45:29"}
{"message":"undefined - API Server Start At Port 3000","level":"info","timestamp":"2021-05-08 11:49:04"}
{"message":"undefined - API Server Start At Port 3000","level":"info","timestamp":"2021-05-08 11:49:06"}
{"message":"undefined - API Server Start At Port 3000","level":"info","timestamp":"2021-05-08 11:50:52"}
{"message":"undefined - API Server Start At Port 3000","level":"info","timestamp":"2021-05-08 11:50:54"}
{"message":"undefined - API Server Start At Port 3000","level":"info","timestamp":"2021-05-08 11:51:35"}
{"message":"undefined - API Server Start At Port 3000","level":"info","timestamp":"2021-05-08 12:01:32"}
{"message":"undefined - API Server Start At Port 3000","level":"info","timestamp":"2021-05-08 12:01:33"}
{"message":"undefined - API Server Start At Port 3000","level":"info","timestamp":"2021-05-08 12:01:38"}
{"message":"undefined - API Server Start At Port 3000","level":"info","timestamp":"2021-05-08 12:01:40"}
{"message":"undefined - API Server Start At Port 3000","level":"info","timestamp":"2021-05-08 12:01:48"}
{"message":"undefined - API Server Start At Port 3000","level":"info","timestamp":"2021-05-08 12:01:49"}
{"message":"undefined - API Server Start At Port 3000","level":"info","timestamp":"2021-05-08 12:03:45"}
{"message":"undefined - API Server Start At Port 3000","level":"info","timestamp":"2021-05-08 12:03:46"}
{"message":"undefined - API Server Start At Port 3000","level":"info","timestamp":"2021-05-08 12:05:06"}
{"message":"undefined - API Server Start At Port 3000","level":"info","timestamp":"2021-05-08 12:08:31"}
{"message":"undefined - API Server Start At Port 3000","level":"info","timestamp":"2021-05-08 12:08:33"}
{"message":"undefined - API Server Start At Port 3000","level":"info","timestamp":"2021-05-08 12:08:56"}
{"message":"undefined - API Server Start At Port 3000","level":"info","timestamp":"2021-05-08 12:08:57"}
{"message":"undefined - API Server Start At Port 3000","level":"info","timestamp":"2021-05-08 12:13:22"}
{"message":"undefined - API Server Start At Port 3000","level":"info","timestamp":"2021-05-08 12:13:24"}
{"message":"undefined - API Server Start At Port 3000","level":"info","timestamp":"2021-05-08 12:14:54"}
{"message":"undefined - API Server Start At Port 3000","level":"info","timestamp":"2021-05-08 12:14:56"}
{"message":"undefined - API Server Start At Port 3000","level":"info","timestamp":"2021-05-08 12:15:36"}
{"message":"undefined - API Server Start At Port 3000","level":"info","timestamp":"2021-05-08 12:15:38"}
{"message":"undefined - API Server Start At Port 3000","level":"info","timestamp":"2021-05-08 12:17:25"}
{"message":"undefined - API Server Start At Port 3000","level":"info","timestamp":"2021-05-08 12:17:26"}
{"message":"undefined - API Server Start At Port 3000","level":"info","timestamp":"2021-05-08 12:17:43"}
{"message":"undefined - API Server Start At Port 3000","level":"info","timestamp":"2021-05-08 12:21:25"}
{"message":"undefined - API Server Start At Port 3000","level":"info","timestamp":"2021-05-08 12:23:01"}
{"message":"undefined - API Server Start At Port 3000","level":"info","timestamp":"2021-05-08 12:23:02"}
{"message":"undefined - API Server Start At Port 3000","level":"info","timestamp":"2021-05-08 12:27:02"}
{"message":"undefined - API Server Start At Port 3000","level":"info","timestamp":"2021-05-08 12:27:03"}
{"message":"undefined - API Server Start At Port 3000","level":"info","timestamp":"2021-05-08 12:27:42"}
{"message":"undefined - API Server Start At Port 3000","level":"info","timestamp":"2021-05-08 12:27:44"}
{"message":"undefined - API Server Start At Port 3000","level":"info","timestamp":"2021-05-08 12:28:02"}
{"message":"undefined - API Server Start At Port 3000","level":"info","timestamp":"2021-05-08 12:28:03"}
{"message":"undefined - API Server Start At Port 3000","level":"info","timestamp":"2021-05-08 12:28:11"}
{"message":"undefined - API Server Start At Port 3000","level":"info","timestamp":"2021-05-08 12:28:12"}
{"message":"undefined - API Server Start At Port 3000","level":"info","timestamp":"2021-05-08 12:28:31"}
{"message":"undefined - API Server Start At Port 3000","level":"info","timestamp":"2021-05-08 12:28:33"}
{"message":"undefined - API Server Start At Port 3000","level":"info","timestamp":"2021-05-08 12:40:58"}
{"message":"undefined - API Server Start At Port 3000","level":"info","timestamp":"2021-05-08 12:56:18"}
{"message":"undefined - API Server Start At Port 3000","level":"info","timestamp":"2021-05-08 13:22:44"}
{"message":"undefined - API Server Start At Port 3000","level":"info","timestamp":"2021-05-08 13:22:45"}
{"message":"undefined - API Server Start At Port 3000","level":"info","timestamp":"2021-05-08 13:26:41"}
{"message":"undefined - API Server Start At Port 3000","level":"info","timestamp":"2021-05-08 13:26:42"}
{"message":"undefined - API Server Start At Port 3000","level":"info","timestamp":"2021-05-08 13:26:57"}
{"message":"undefined - API Server Start At Port 3000","level":"info","timestamp":"2021-05-08 13:26:58"}
{"message":"undefined - API Server Start At Port 3000","level":"info","timestamp":"2021-05-08 13:30:51"}
{"message":"undefined - API Server Start At Port 3000","level":"info","timestamp":"2021-05-08 13:30:53"}
{"message":"undefined - API Server Start At Port 3000","level":"info","timestamp":"2021-05-08 13:33:00"}
{"message":"undefined - API Server Start At Port 3000","level":"info","timestamp":"2021-05-08 13:33:02"}
{"message":"undefined - API Server Start At Port 3000","level":"info","timestamp":"2021-05-08 13:35:24"}
{"message":"undefined - API Server Start At Port 3000","level":"info","timestamp":"2021-05-08 13:35:25"}
{"message":"undefined - API Server Start At Port 3000","level":"info","timestamp":"2021-05-08 13:35:30"}
{"message":"undefined - API Server Start At Port 3000","level":"info","timestamp":"2021-05-08 13:35:32"}
{"message":"undefined - API Server Start At Port 3000","level":"info","timestamp":"2021-05-08 13:35:34"}
{"message":"undefined - API Server Start At Port 3000","level":"info","timestamp":"2021-05-08 13:35:36"}
{"message":"undefined - API Server Start At Port 3000","level":"info","timestamp":"2021-05-08 13:36:04"}
{"message":"undefined - API Server Start At Port 3000","level":"info","timestamp":"2021-05-08 13:36:05"}
{"message":"undefined - API Server Start At Port 3000","level":"info","timestamp":"2021-05-08 13:36:41"}
{"message":"undefined - API Server Start At Port 3000","level":"info","timestamp":"2021-05-08 13:36:43"}
{"message":"undefined - API Server Start At Port 3000","level":"info","timestamp":"2021-05-08 13:37:27"}
{"message":"undefined - API Server Start At Port 3000","level":"info","timestamp":"2021-05-08 13:37:29"}
{"message":"undefined - API Server Start At Port 3000","level":"info","timestamp":"2021-05-08 13:37:51"}
{"message":"undefined - API Server Start At Port 3000","level":"info","timestamp":"2021-05-08 13:37:53"}
{"message":"undefined - API Server Start At Port 3000","level":"info","timestamp":"2021-05-08 13:37:57"}
{"message":"undefined - API Server Start At Port 3000","level":"info","timestamp":"2021-05-08 13:37:59"}
{"message":"App - createTag Service error\n: Cannot add or update a child row: a foreign key constraint fails (`musinsaV4`.`Tag`, CONSTRAINT `FK_Tag_productIdx_ProductInfo_idx` FOREIGN KEY (`productIdx`) REFERENCES `ProductInfo` (`idx`) ON DELETE RESTRICT ON UPDATE RESTRICT)","level":"error","timestamp":"2021-05-08 13:38:00"}
{"message":"undefined - API Server Start At Port 3000","level":"info","timestamp":"2021-05-08 13:42:04"}
{"message":"undefined - API Server Start At Port 3000","level":"info","timestamp":"2021-05-08 13:42:06"}
{"message":"undefined - API Server Start At Port 3000","level":"info","timestamp":"2021-05-08 13:45:26"}
{"message":"undefined - API Server Start At Port 3000","level":"info","timestamp":"2021-05-08 13:45:27"}
{"message":"undefined - API Server Start At Port 3000","level":"info","timestamp":"2021-05-08 13:47:46"}
{"message":"undefined - API Server Start At Port 3000","level":"info","timestamp":"2021-05-08 13:47:47"}
{"message":"undefined - API Server Start At Port 3000","level":"info","timestamp":"2021-05-08 13:48:55"}
{"message":"undefined - API Server Start At Port 3000","level":"info","timestamp":"2021-05-08 13:48:57"}
{"message":"undefined - API Server Start At Port 3000","level":"info","timestamp":"2021-05-08 15:01:35"}
{"message":"undefined - API Server Start At Port 3000","level":"info","timestamp":"2021-05-08 15:01:36"}
{"message":"undefined - API Server Start At Port 3000","level":"info","timestamp":"2021-05-08 15:01:50"}
{"message":"undefined - API Server Start At Port 3000","level":"info","timestamp":"2021-05-08 15:01:51"}
{"message":"undefined - API Server Start At Port 3000","level":"info","timestamp":"2021-05-08 15:02:28"}
{"message":"undefined - API Server Start At Port 3000","level":"info","timestamp":"2021-05-08 15:02:30"}
{"message":"undefined - API Server Start At Port 3000","level":"info","timestamp":"2021-05-08 15:03:24"}
{"message":"undefined - API Server Start At Port 3000","level":"info","timestamp":"2021-05-08 15:03:25"}
{"message":"App - createCategory Service error\n: Cannot add or update a child row: a foreign key constraint fails (`musinsaV4`.`Category`, CONSTRAINT `FK_Category_tagIdx_Tag_idx` FOREIGN KEY (`tagIdx`) REFERENCES `Tag` (`idx`) ON DELETE RESTRICT ON UPDATE RESTRICT)","level":"error","timestamp":"2021-05-08 15:03:27"}
{"message":"App - createCategory Service error\n: Cannot add or update a child row: a foreign key constraint fails (`musinsaV4`.`Category`, CONSTRAINT `FK_Category_productIdx_ProductInfo_idx` FOREIGN KEY (`productIdx`) REFERENCES `ProductInfo` (`idx`) ON DELETE RESTRICT ON UPDATE RESTRICT)","level":"error","timestamp":"2021-05-08 15:03:54"}
{"message":"App - createCategory Service error\n: Cannot add or update a child row: a foreign key constraint fails (`musinsaV4`.`Category`, CONSTRAINT `FK_Category_tagIdx_Tag_idx` FOREIGN KEY (`tagIdx`) REFERENCES `Tag` (`idx`) ON DELETE RESTRICT ON UPDATE RESTRICT)","level":"error","timestamp":"2021-05-08 15:04:04"}
{"message":"undefined - API Server Start At Port 3000","level":"info","timestamp":"2021-05-08 15:23:01"}
{"message":"undefined - API Server Start At Port 3000","level":"info","timestamp":"2021-05-08 15:25:43"}
{"message":"undefined - API Server Start At Port 3000","level":"info","timestamp":"2021-05-08 15:25:44"}
{"message":"undefined - API Server Start At Port 3000","level":"info","timestamp":"2021-05-08 15:28:56"}
{"message":"undefined - API Server Start At Port 3000","level":"info","timestamp":"2021-05-08 15:28:58"}
{"message":"undefined - API Server Start At Port 3000","level":"info","timestamp":"2021-05-08 15:30:03"}
{"message":"undefined - API Server Start At Port 3000","level":"info","timestamp":"2021-05-08 15:30:05"}
{"message":"undefined - API Server Start At Port 3000","level":"info","timestamp":"2021-05-08 15:36:02"}
{"message":"undefined - API Server Start At Port 3000","level":"info","timestamp":"2021-05-08 15:38:11"}
{"message":"undefined - API Server Start At Port 3000","level":"info","timestamp":"2021-05-08 15:38:51"}
{"message":"undefined - API Server Start At Port 3000","level":"info","timestamp":"2021-05-08 15:38:52"}
{"message":"undefined - API Server Start At Port 3000","level":"info","timestamp":"2021-05-08 15:39:19"}
{"message":"undefined - API Server Start At Port 3000","level":"info","timestamp":"2021-05-08 15:39:21"}
{"message":"undefined - API Server Start At Port 3000","level":"info","timestamp":"2021-05-08 15:41:24"}
{"message":"undefined - API Server Start At Port 3000","level":"info","timestamp":"2021-05-08 15:41:26"}
{"message":"undefined - API Server Start At Port 3000","level":"info","timestamp":"2021-05-08 15:43:31"}
{"message":"undefined - API Server Start At Port 3000","level":"info","timestamp":"2021-05-08 15:43:33"}
{"message":"undefined - API Server Start At Port 3000","level":"info","timestamp":"2021-05-08 15:43:56"}
{"message":"undefined - API Server Start At Port 3000","level":"info","timestamp":"2021-05-08 15:43:57"}
{"message":"undefined - API Server Start At Port 3000","level":"info","timestamp":"2021-05-08 15:44:55"}
{"message":"undefined - API Server Start At Port 3000","level":"info","timestamp":"2021-05-08 15:44:56"}
{"message":"undefined - API Server Start At Port 3000","level":"info","timestamp":"2021-05-08 15:47:20"}
{"message":"undefined - API Server Start At Port 3000","level":"info","timestamp":"2021-05-08 15:47:21"}
{"message":"undefined - API Server Start At Port 3000","level":"info","timestamp":"2021-05-08 16:20:30"}
{"message":"undefined - API Server Start At Port 3000","level":"info","timestamp":"2021-05-08 16:20:31"}
{"message":"undefined - API Server Start At Port 3000","level":"info","timestamp":"2021-05-08 16:20:39"}
{"message":"undefined - API Server Start At Port 3000","level":"info","timestamp":"2021-05-08 16:20:41"}
{"message":"undefined - API Server Start At Port 3000","level":"info","timestamp":"2021-05-08 16:20:42"}
{"message":"undefined - API Server Start At Port 3000","level":"info","timestamp":"2021-05-08 16:20:44"}
{"message":"undefined - API Server Start At Port 3000","level":"info","timestamp":"2021-05-08 16:24:48"}
{"message":"undefined - API Server Start At Port 3000","level":"info","timestamp":"2021-05-08 16:24:50"}
{"message":"undefined - API Server Start At Port 3000","level":"info","timestamp":"2021-05-08 16:25:56"}
{"message":"undefined - API Server Start At Port 3000","level":"info","timestamp":"2021-05-08 16:26:57"}
{"message":"undefined - API Server Start At Port 3000","level":"info","timestamp":"2021-05-08 16:27:37"}
{"message":"undefined - API Server Start At Port 3000","level":"info","timestamp":"2021-05-08 16:27:39"}
{"message":"undefined - API Server Start At Port 3000","level":"info","timestamp":"2021-05-08 16:27:53"}
{"message":"undefined - API Server Start At Port 3000","level":"info","timestamp":"2021-05-08 16:27:55"}
{"message":"undefined - API Server Start At Port 3000","level":"info","timestamp":"2021-05-08 16:28:13"}
{"message":"undefined - API Server Start At Port 3000","level":"info","timestamp":"2021-05-08 16:28:15"}
{"message":"undefined - API Server Start At Port 3000","level":"info","timestamp":"2021-05-08 16:54:12"}
{"message":"undefined - API Server Start At Port 3000","level":"info","timestamp":"2021-05-08 16:59:26"}
{"message":"undefined - API Server Start At Port 3000","level":"info","timestamp":"2021-05-08 17:54:22"}
{"message":"undefined - API Server Start At Port 3000","level":"info","timestamp":"2021-05-08 18:14:46"}
{"message":"undefined - API Server Start At Port 3000","level":"info","timestamp":"2021-05-08 18:14:48"}
{"message":"App - orderRegistration Service error\n: Column 'customIdx' cannot be null","level":"error","timestamp":"2021-05-08 18:15:06"}
{"message":"App - orderRegistration Service error\n: Cannot add or update a child row: a foreign key constraint fails (`musinsaV4`.`ProductOrder`, CONSTRAINT `FK_ProductOrder_productIdx_Lookup_idx` FOREIGN KEY (`productIdx`) REFERENCES `Lookup` (`productIdx`) ON DELETE RESTRICT ON UPDATE RESTRICT)","level":"error","timestamp":"2021-05-08 18:17:07"}
{"message":"App - orderRegistration Service error\n: Cannot add or update a child row: a foreign key constraint fails (`musinsaV4`.`ProductOrder`, CONSTRAINT `FK_ProductOrder_productIdx_Lookup_idx` FOREIGN KEY (`productIdx`) REFERENCES `Lookup` (`productIdx`) ON DELETE RESTRICT ON UPDATE RESTRICT)","level":"error","timestamp":"2021-05-08 18:19:05"}
{"message":"undefined - API Server Start At Port 3000","level":"info","timestamp":"2021-05-08 18:26:34"}
{"message":"undefined - API Server Start At Port 3000","level":"info","timestamp":"2021-05-08 18:27:37"}
{"message":"undefined - API Server Start At Port 3000","level":"info","timestamp":"2021-05-08 18:27:39"}
{"message":"undefined - API Server Start At Port 3000","level":"info","timestamp":"2021-05-08 18:30:15"}
{"message":"undefined - API Server Start At Port 3000","level":"info","timestamp":"2021-05-08 18:30:17"}
{"message":"undefined - API Server Start At Port 3000","level":"info","timestamp":"2021-05-08 18:32:14"}
{"message":"undefined - API Server Start At Port 3000","level":"info","timestamp":"2021-05-08 18:32:16"}
{"message":"undefined - API Server Start At Port 3000","level":"info","timestamp":"2021-05-08 18:35:32"}
{"message":"undefined - API Server Start At Port 3000","level":"info","timestamp":"2021-05-08 18:35:34"}
{"message":"undefined - API Server Start At Port 3000","level":"info","timestamp":"2021-05-08 18:36:50"}
{"message":"undefined - API Server Start At Port 3000","level":"info","timestamp":"2021-05-08 18:36:51"}
{"message":"undefined - API Server Start At Port 3000","level":"info","timestamp":"2021-05-08 18:37:56"}
{"message":"undefined - API Server Start At Port 3000","level":"info","timestamp":"2021-05-08 18:37:58"}
{"message":"undefined - API Server Start At Port 3000","level":"info","timestamp":"2021-05-08 18:38:51"}
{"message":"undefined - API Server Start At Port 3000","level":"info","timestamp":"2021-05-08 18:38:53"}
{"message":"undefined - API Server Start At Port 3000","level":"info","timestamp":"2021-05-08 18:39:29"}
{"message":"undefined - API Server Start At Port 3000","level":"info","timestamp":"2021-05-08 18:39:30"}
{"message":"undefined - API Server Start At Port 3000","level":"info","timestamp":"2021-05-08 18:40:35"}
{"message":"undefined - API Server Start At Port 3000","level":"info","timestamp":"2021-05-08 18:40:36"}
{"message":"undefined - API Server Start At Port 3000","level":"info","timestamp":"2021-05-08 18:42:21"}
{"message":"undefined - API Server Start At Port 3000","level":"info","timestamp":"2021-05-08 18:42:23"}
{"message":"undefined - API Server Start At Port 3000","level":"info","timestamp":"2021-05-08 18:45:38"}
{"message":"undefined - API Server Start At Port 3000","level":"info","timestamp":"2021-05-08 18:45:39"}
{"message":"undefined - API Server Start At Port 3000","level":"info","timestamp":"2021-05-08 18:45:44"}
{"message":"undefined - API Server Start At Port 3000","level":"info","timestamp":"2021-05-08 18:45:45"}
{"message":"undefined - API Server Start At Port 3000","level":"info","timestamp":"2021-05-08 18:45:57"}
{"message":"undefined - API Server Start At Port 3000","level":"info","timestamp":"2021-05-08 18:45:58"}
{"message":"undefined - API Server Start At Port 3000","level":"info","timestamp":"2021-05-08 18:47:01"}
{"message":"undefined - API Server Start At Port 3000","level":"info","timestamp":"2021-05-08 18:47:03"}
{"message":"undefined - API Server Start At Port 3000","level":"info","timestamp":"2021-05-08 18:47:06"}
{"message":"undefined - API Server Start At Port 3000","level":"info","timestamp":"2021-05-08 18:47:08"}
{"message":"undefined - API Server Start At Port 3000","level":"info","timestamp":"2021-05-08 18:47:35"}
{"message":"undefined - API Server Start At Port 3000","level":"info","timestamp":"2021-05-08 18:47:37"}
{"message":"undefined - API Server Start At Port 3000","level":"info","timestamp":"2021-05-08 18:47:51"}
{"message":"undefined - API Server Start At Port 3000","level":"info","timestamp":"2021-05-08 18:47:52"}
{"message":"undefined - API Server Start At Port 3000","level":"info","timestamp":"2021-05-08 18:50:21"}
{"message":"undefined - API Server Start At Port 3000","level":"info","timestamp":"2021-05-08 18:50:22"}
{"message":"undefined - API Server Start At Port 3000","level":"info","timestamp":"2021-05-08 18:55:55"}
{"message":"undefined - API Server Start At Port 3000","level":"info","timestamp":"2021-05-08 18:55:57"}
{"message":"undefined - API Server Start At Port 3000","level":"info","timestamp":"2021-05-08 18:56:37"}
{"message":"undefined - API Server Start At Port 3000","level":"info","timestamp":"2021-05-08 18:56:38"}
{"message":"undefined - API Server Start At Port 3000","level":"info","timestamp":"2021-05-08 19:02:28"}
{"message":"undefined - API Server Start At Port 3000","level":"info","timestamp":"2021-05-08 19:04:50"}
{"message":"undefined - API Server Start At Port 3000","level":"info","timestamp":"2021-05-08 19:17:38"}
{"message":"undefined - API Server Start At Port 3000","level":"info","timestamp":"2021-05-08 19:18:36"}
{"message":"undefined - API Server Start At Port 3000","level":"info","timestamp":"2021-05-08 19:20:43"}
{"message":"undefined - API Server Start At Port 3000","level":"info","timestamp":"2021-05-08 19:20:44"}
{"message":"undefined - API Server Start At Port 3000","level":"info","timestamp":"2021-05-08 19:24:38"}
{"message":"undefined - API Server Start At Port 3000","level":"info","timestamp":"2021-05-08 19:24:39"}
{"message":"undefined - API Server Start At Port 3000","level":"info","timestamp":"2021-05-08 19:25:08"}
{"message":"undefined - API Server Start At Port 3000","level":"info","timestamp":"2021-05-08 19:25:10"}
{"message":"undefined - API Server Start At Port 3000","level":"info","timestamp":"2021-05-08 19:28:49"}
{"message":"undefined - API Server Start At Port 3000","level":"info","timestamp":"2021-05-08 19:28:51"}
{"message":"undefined - API Server Start At Port 3000","level":"info","timestamp":"2021-05-08 19:38:10"}
{"message":"undefined - API Server Start At Port 3000","level":"info","timestamp":"2021-05-08 19:38:12"}
{"message":"undefined - API Server Start At Port 3000","level":"info","timestamp":"2021-05-08 19:38:40"}
{"message":"undefined - API Server Start At Port 3000","level":"info","timestamp":"2021-05-08 19:38:41"}
{"message":"undefined - API Server Start At Port 3000","level":"info","timestamp":"2021-05-08 19:42:41"}
{"message":"undefined - API Server Start At Port 3000","level":"info","timestamp":"2021-05-08 19:42:43"}
{"message":"undefined - API Server Start At Port 3000","level":"info","timestamp":"2021-05-08 19:44:13"}
{"message":"undefined - API Server Start At Port 3000","level":"info","timestamp":"2021-05-08 19:44:14"}
{"message":"undefined - API Server Start At Port 3000","level":"info","timestamp":"2021-05-08 19:44:45"}
{"message":"undefined - API Server Start At Port 3000","level":"info","timestamp":"2021-05-08 19:44:47"}
{"message":"undefined - API Server Start At Port 3000","level":"info","timestamp":"2021-05-08 19:46:24"}
{"message":"undefined - API Server Start At Port 3000","level":"info","timestamp":"2021-05-08 19:46:25"}
{"message":"undefined - API Server Start At Port 3000","level":"info","timestamp":"2021-05-08 19:47:24"}
{"message":"undefined - API Server Start At Port 3000","level":"info","timestamp":"2021-05-08 19:47:25"}
{"message":"undefined - API Server Start At Port 3000","level":"info","timestamp":"2021-05-08 19:48:37"}
{"message":"undefined - API Server Start At Port 3000","level":"info","timestamp":"2021-05-08 19:48:38"}
{"message":"undefined - API Server Start At Port 3000","level":"info","timestamp":"2021-05-08 19:49:28"}
{"message":"undefined - API Server Start At Port 3000","level":"info","timestamp":"2021-05-08 19:49:30"}
{"message":"undefined - API Server Start At Port 3000","level":"info","timestamp":"2021-05-08 19:49:38"}
{"message":"undefined - API Server Start At Port 3000","level":"info","timestamp":"2021-05-08 19:49:39"}
{"message":"undefined - API Server Start At Port 3000","level":"info","timestamp":"2021-05-08 19:56:10"}
{"message":"undefined - API Server Start At Port 3000","level":"info","timestamp":"2021-05-08 19:56:12"}
{"message":"undefined - API Server Start At Port 3000","level":"info","timestamp":"2021-05-08 19:56:27"}
{"message":"undefined - API Server Start At Port 3000","level":"info","timestamp":"2021-05-08 19:56:29"}
{"message":"undefined - API Server Start At Port 3000","level":"info","timestamp":"2021-05-08 20:46:43"}
{"message":"undefined - API Server Start At Port 3000","level":"info","timestamp":"2021-05-08 20:46:44"}
{"message":"undefined - API Server Start At Port 3000","level":"info","timestamp":"2021-05-08 20:47:02"}
{"message":"undefined - API Server Start At Port 3000","level":"info","timestamp":"2021-05-08 20:47:03"}
{"message":"undefined - API Server Start At Port 3000","level":"info","timestamp":"2021-05-08 20:51:41"}
{"message":"undefined - API Server Start At Port 3000","level":"info","timestamp":"2021-05-08 20:53:03"}
{"message":"undefined - API Server Start At Port 3000","level":"info","timestamp":"2021-05-08 23:14:01"}
{"message":"App - registerReview Service error\n: Column 'deliveryIdx' cannot be null","level":"error","timestamp":"2021-05-08 23:17:03"}
{"message":"undefined - API Server Start At Port 3000","level":"info","timestamp":"2021-05-08 23:21:24"}
{"message":"undefined - API Server Start At Port 3000","level":"info","timestamp":"2021-05-08 23:29:06"}
{"message":"undefined - API Server Start At Port 3000","level":"info","timestamp":"2021-05-08 23:29:08"}
{"message":"undefined - API Server Start At Port 3000","level":"info","timestamp":"2021-05-08 23:29:18"}
{"message":"undefined - API Server Start At Port 3000","level":"info","timestamp":"2021-05-08 23:29:19"}
{"message":"App - registerReview Service error\n: Column 'deliveryIdx' cannot be null","level":"error","timestamp":"2021-05-08 23:29:30"}
{"message":"undefined - API Server Start At Port 3000","level":"info","timestamp":"2021-05-08 23:30:02"}
{"message":"undefined - API Server Start At Port 3000","level":"info","timestamp":"2021-05-08 23:30:04"}
{"message":"App - registerReview Service error\n: You have an error in your SQL syntax; check the manual that corresponds to your MySQL server version for the right syntax to use near '?' at line 6","level":"error","timestamp":"2021-05-08 23:30:06"}
{"message":"undefined - API Server Start At Port 3000","level":"info","timestamp":"2021-05-08 23:34:46"}
{"message":"undefined - API Server Start At Port 3000","level":"info","timestamp":"2021-05-08 23:34:48"}
{"message":"undefined - API Server Start At Port 3000","level":"info","timestamp":"2021-05-08 23:35:30"}
{"message":"undefined - API Server Start At Port 3000","level":"info","timestamp":"2021-05-08 23:35:32"}
{"message":"undefined - API Server Start At Port 3000","level":"info","timestamp":"2021-05-08 23:36:05"}
{"message":"undefined - API Server Start At Port 3000","level":"info","timestamp":"2021-05-08 23:36:07"}
{"message":"App - registerReview Service error\n: You have an error in your SQL syntax; check the manual that corresponds to your MySQL server version for the right syntax to use near '?' at line 6","level":"error","timestamp":"2021-05-08 23:36:12"}
{"message":"undefined - API Server Start At Port 3000","level":"info","timestamp":"2021-05-08 23:37:51"}
{"message":"undefined - API Server Start At Port 3000","level":"info","timestamp":"2021-05-08 23:37:52"}
{"message":"App - registerReview Service error\n: Column 'deliveryIdx' cannot be null","level":"error","timestamp":"2021-05-08 23:38:32"}
{"message":"undefined - API Server Start At Port 3000","level":"info","timestamp":"2021-05-08 23:39:33"}
{"message":"undefined - API Server Start At Port 3000","level":"info","timestamp":"2021-05-08 23:39:35"}
{"message":"App - registerReview Service error\n: Column 'deliveryIdx' cannot be null","level":"error","timestamp":"2021-05-08 23:39:37"}
{"message":"undefined - API Server Start At Port 3000","level":"info","timestamp":"2021-05-08 23:40:25"}
{"message":"undefined - API Server Start At Port 3000","level":"info","timestamp":"2021-05-08 23:40:26"}
{"message":"App - registerReview Service error\n: Column 'deliveryIdx' cannot be null","level":"error","timestamp":"2021-05-08 23:40:30"}
{"message":"App - registerReview Service error\n: Column 'deliveryIdx' cannot be null","level":"error","timestamp":"2021-05-08 23:40:39"}
{"message":"undefined - API Server Start At Port 3000","level":"info","timestamp":"2021-05-08 23:41:47"}
{"message":"undefined - API Server Start At Port 3000","level":"info","timestamp":"2021-05-08 23:41:48"}
{"message":"App - registerReview Service error\n: Assignment to constant variable.","level":"error","timestamp":"2021-05-08 23:41:54"}
{"message":"undefined - API Server Start At Port 3000","level":"info","timestamp":"2021-05-08 23:42:43"}
{"message":"undefined - API Server Start At Port 3000","level":"info","timestamp":"2021-05-08 23:42:45"}
{"message":"App - registerReview Service error\n: Column 'deliveryIdx' cannot be null","level":"error","timestamp":"2021-05-08 23:42:47"}
{"message":"undefined - API Server Start At Port 3000","level":"info","timestamp":"2021-05-08 23:43:54"}
{"message":"undefined - API Server Start At Port 3000","level":"info","timestamp":"2021-05-08 23:43:56"}
{"message":"App - registerReview Service error\n: Column 'deliveryIdx' cannot be null","level":"error","timestamp":"2021-05-08 23:43:58"}
{"message":"undefined - API Server Start At Port 3000","level":"info","timestamp":"2021-05-08 23:44:58"}
{"message":"undefined - API Server Start At Port 3000","level":"info","timestamp":"2021-05-08 23:45:00"}
{"message":"undefined - API Server Start At Port 3000","level":"info","timestamp":"2021-05-08 23:46:16"}
{"message":"undefined - API Server Start At Port 3000","level":"info","timestamp":"2021-05-08 23:46:18"}
