{"message":"App - createCustomer Service error\n: userDao is not defined","level":"error","timestamp":"2021-05-07 05:21:35"}
{"message":"undefined - API Server Start At Port 3000","level":"info","timestamp":"2021-05-07 05:21:47"}
{"message":"undefined - API Server Start At Port 3000","level":"info","timestamp":"2021-05-07 05:21:48"}
{"message":"App - createCustomer Service error\n: userDao is not defined","level":"error","timestamp":"2021-05-07 05:21:50"}
{"message":"undefined - API Server Start At Port 3000","level":"info","timestamp":"2021-05-07 05:23:32"}
{"message":"undefined - API Server Start At Port 3000","level":"info","timestamp":"2021-05-07 05:23:33"}
{"message":"App - createCustomer Service error\n: userDao is not defined","level":"error","timestamp":"2021-05-07 05:23:35"}
{"message":"undefined - API Server Start At Port 3000","level":"info","timestamp":"2021-05-07 05:24:12"}
{"message":"undefined - API Server Start At Port 3000","level":"info","timestamp":"2021-05-07 05:24:13"}
{"message":"App - createCustomer Service error\n: userDao is not defined","level":"error","timestamp":"2021-05-07 05:24:18"}
{"message":"undefined - API Server Start At Port 3000","level":"info","timestamp":"2021-05-07 05:25:23"}
{"message":"undefined - API Server Start At Port 3000","level":"info","timestamp":"2021-05-07 05:25:24"}
{"message":"App - createCustomer Service error\n: conn is not defined","level":"error","timestamp":"2021-05-07 05:25:50"}
{"message":"undefined - API Server Start At Port 3000","level":"info","timestamp":"2021-05-07 05:27:21"}
{"message":"undefined - API Server Start At Port 3000","level":"info","timestamp":"2021-05-07 05:27:23"}
{"message":"App - createCustomer Service error\n: conn is not defined","level":"error","timestamp":"2021-05-07 05:27:24"}
{"message":"undefined - API Server Start At Port 3000","level":"info","timestamp":"2021-05-07 05:30:31"}
{"message":"undefined - API Server Start At Port 3000","level":"info","timestamp":"2021-05-07 05:30:33"}
{"message":"App - createCustomer Service error\n: conn is not defined","level":"error","timestamp":"2021-05-07 05:30:41"}
{"message":"undefined - API Server Start At Port 3000","level":"info","timestamp":"2021-05-07 05:31:38"}
{"message":"undefined - API Server Start At Port 3000","level":"info","timestamp":"2021-05-07 05:31:40"}
{"message":"App - createCustomer Service error\n: conn is not defined","level":"error","timestamp":"2021-05-07 05:31:44"}
{"message":"undefined - API Server Start At Port 3000","level":"info","timestamp":"2021-05-07 05:35:35"}
{"message":"undefined - API Server Start At Port 3000","level":"info","timestamp":"2021-05-07 05:35:37"}
{"message":"undefined - API Server Start At Port 3000","level":"info","timestamp":"2021-05-07 05:35:46"}
{"message":"undefined - API Server Start At Port 3000","level":"info","timestamp":"2021-05-07 05:35:47"}
{"message":"undefined - API Server Start At Port 3000","level":"info","timestamp":"2021-05-07 05:37:01"}
{"message":"undefined - API Server Start At Port 3000","level":"info","timestamp":"2021-05-07 05:37:02"}
{"message":"undefined - API Server Start At Port 3000","level":"info","timestamp":"2021-05-07 05:37:52"}
{"message":"undefined - API Server Start At Port 3000","level":"info","timestamp":"2021-05-07 05:37:54"}
{"message":"undefined - API Server Start At Port 3000","level":"info","timestamp":"2021-05-07 05:38:06"}
{"message":"undefined - API Server Start At Port 3000","level":"info","timestamp":"2021-05-07 05:38:08"}
{"message":"App - createCustomer Service error\n: userDao is not defined","level":"error","timestamp":"2021-05-07 05:38:10"}
{"message":"undefined - API Server Start At Port 3000","level":"info","timestamp":"2021-05-07 05:39:02"}
{"message":"undefined - API Server Start At Port 3000","level":"info","timestamp":"2021-05-07 05:39:03"}
{"message":"undefined - API Server Start At Port 3000","level":"info","timestamp":"2021-05-07 05:41:16"}
{"message":"undefined - API Server Start At Port 3000","level":"info","timestamp":"2021-05-07 05:41:18"}
{"message":"undefined - API Server Start At Port 3000","level":"info","timestamp":"2021-05-07 05:47:13"}
{"message":"undefined - API Server Start At Port 3000","level":"info","timestamp":"2021-05-07 05:47:14"}
{"message":"undefined - API Server Start At Port 3000","level":"info","timestamp":"2021-05-07 05:47:53"}
{"message":"undefined - API Server Start At Port 3000","level":"info","timestamp":"2021-05-07 05:48:21"}
{"message":"undefined - API Server Start At Port 3000","level":"info","timestamp":"2021-05-07 05:49:13"}
{"message":"undefined - API Server Start At Port 3000","level":"info","timestamp":"2021-05-07 05:49:15"}
{"message":"undefined - API Server Start At Port 3000","level":"info","timestamp":"2021-05-07 05:49:51"}
{"message":"undefined - API Server Start At Port 3000","level":"info","timestamp":"2021-05-07 05:49:52"}
{"message":"undefined - API Server Start At Port 3000","level":"info","timestamp":"2021-05-07 05:52:40"}
{"message":"undefined - API Server Start At Port 3000","level":"info","timestamp":"2021-05-07 05:52:42"}
{"message":"undefined - API Server Start At Port 3000","level":"info","timestamp":"2021-05-07 05:54:37"}
{"message":"undefined - API Server Start At Port 3000","level":"info","timestamp":"2021-05-07 05:54:38"}
{"message":"undefined - API Server Start At Port 3000","level":"info","timestamp":"2021-05-07 06:09:22"}
{"message":"undefined - API Server Start At Port 3000","level":"info","timestamp":"2021-05-07 06:09:23"}
{"message":"undefined - API Server Start At Port 3000","level":"info","timestamp":"2021-05-07 06:09:26"}
{"message":"undefined - API Server Start At Port 3000","level":"info","timestamp":"2021-05-07 06:09:28"}
{"message":"undefined - API Server Start At Port 3000","level":"info","timestamp":"2021-05-07 06:10:35"}
{"message":"undefined - API Server Start At Port 3000","level":"info","timestamp":"2021-05-07 06:11:39"}
{"message":"undefined - API Server Start At Port 3000","level":"info","timestamp":"2021-05-07 06:12:25"}
{"message":"undefined - API Server Start At Port 3000","level":"info","timestamp":"2021-05-07 06:12:27"}
{"message":"undefined - API Server Start At Port 3000","level":"info","timestamp":"2021-05-07 06:13:00"}
{"message":"undefined - API Server Start At Port 3000","level":"info","timestamp":"2021-05-07 06:13:02"}
{"message":"undefined - API Server Start At Port 3000","level":"info","timestamp":"2021-05-07 06:14:01"}
{"message":"undefined - API Server Start At Port 3000","level":"info","timestamp":"2021-05-07 06:14:03"}
{"message":"undefined - API Server Start At Port 3000","level":"info","timestamp":"2021-05-07 06:18:35"}
{"message":"undefined - API Server Start At Port 3000","level":"info","timestamp":"2021-05-07 06:18:36"}
{"message":"undefined - API Server Start At Port 3000","level":"info","timestamp":"2021-05-07 06:18:58"}
{"message":"undefined - API Server Start At Port 3000","level":"info","timestamp":"2021-05-07 06:19:33"}
{"message":"undefined - API Server Start At Port 3000","level":"info","timestamp":"2021-05-07 06:20:41"}
{"message":"undefined - API Server Start At Port 3000","level":"info","timestamp":"2021-05-07 06:20:43"}
{"message":"undefined - API Server Start At Port 3000","level":"info","timestamp":"2021-05-07 06:21:12"}
{"message":"undefined - API Server Start At Port 3000","level":"info","timestamp":"2021-05-07 06:21:33"}
{"message":"undefined - API Server Start At Port 3000","level":"info","timestamp":"2021-05-07 06:24:50"}
{"message":"undefined - API Server Start At Port 3000","level":"info","timestamp":"2021-05-07 06:24:52"}
{"message":"undefined - API Server Start At Port 3000","level":"info","timestamp":"2021-05-07 06:51:26"}
{"message":"undefined - API Server Start At Port 3000","level":"info","timestamp":"2021-05-07 06:51:28"}
{"message":"undefined - API Server Start At Port 3000","level":"info","timestamp":"2021-05-07 07:08:42"}
{"message":"undefined - API Server Start At Port 3000","level":"info","timestamp":"2021-05-07 07:08:44"}
{"message":"undefined - API Server Start At Port 3000","level":"info","timestamp":"2021-05-07 07:13:04"}
{"message":"undefined - API Server Start At Port 3000","level":"info","timestamp":"2021-05-07 07:13:06"}
{"message":"undefined - API Server Start At Port 3000","level":"info","timestamp":"2021-05-07 07:13:18"}
{"message":"undefined - API Server Start At Port 3000","level":"info","timestamp":"2021-05-07 07:13:20"}
{"message":"undefined - API Server Start At Port 3000","level":"info","timestamp":"2021-05-07 07:15:00"}
{"message":"undefined - API Server Start At Port 3000","level":"info","timestamp":"2021-05-07 07:33:55"}
{"message":"App - postSignIn Service error\n: customerDao.selectCustomerId is not a function \n{}","level":"error","timestamp":"2021-05-07 07:34:08"}
{"message":"App - postSignIn Service error\n: customerDao.selectCustomerId is not a function \n{}","level":"error","timestamp":"2021-05-07 07:34:33"}
{"message":"undefined - API Server Start At Port 3000","level":"info","timestamp":"2021-05-07 07:35:29"}
{"message":"undefined - API Server Start At Port 3000","level":"info","timestamp":"2021-05-07 07:35:31"}
{"message":"App - postSignIn Service error\n: You have an error in your SQL syntax; check the manual that corresponds to your MySQL server version for the right syntax to use near 'FROM Customer\n            WHERE userId = 'test1'' at line 2 \n{\"message\":\"You have an error in your SQL syntax; check the manual that corresponds to your MySQL server version for the right syntax to use near 'FROM Customer\\n            WHERE userId = 'test1'' at line 2\",\"code\":\"ER_PARSE_ERROR\",\"errno\":1064,\"sqlState\":\"42000\",\"sqlMessage\":\"You have an error in your SQL syntax; check the manual that corresponds to your MySQL server version for the right syntax to use near 'FROM Customer\\n            WHERE userId = 'test1'' at line 2\"}","level":"error","timestamp":"2021-05-07 07:35:33"}
{"message":"undefined - API Server Start At Port 3000","level":"info","timestamp":"2021-05-07 07:41:00"}
{"message":"undefined - API Server Start At Port 3000","level":"info","timestamp":"2021-05-07 07:41:01"}
{"message":"undefined - API Server Start At Port 3000","level":"info","timestamp":"2021-05-07 07:55:22"}
{"message":"undefined - API Server Start At Port 3000","level":"info","timestamp":"2021-05-07 07:55:24"}
{"message":"undefined - API Server Start At Port 3000","level":"info","timestamp":"2021-05-07 07:55:25"}
{"message":"App - postSignIn Service error\n: You have an error in your SQL syntax; check the manual that corresponds to your MySQL server version for the right syntax to use near 'FROM Customer\n            WHERE userId = 'test1'' at line 2 \n{\"message\":\"You have an error in your SQL syntax; check the manual that corresponds to your MySQL server version for the right syntax to use near 'FROM Customer\\n            WHERE userId = 'test1'' at line 2\",\"code\":\"ER_PARSE_ERROR\",\"errno\":1064,\"sqlState\":\"42000\",\"sqlMessage\":\"You have an error in your SQL syntax; check the manual that corresponds to your MySQL server version for the right syntax to use near 'FROM Customer\\n            WHERE userId = 'test1'' at line 2\"}","level":"error","timestamp":"2021-05-07 07:55:27"}
{"message":"undefined - API Server Start At Port 3000","level":"info","timestamp":"2021-05-07 07:56:24"}
{"message":"undefined - API Server Start At Port 3000","level":"info","timestamp":"2021-05-07 07:56:26"}
{"message":"App - postSignIn Service error\n: You have an error in your SQL syntax; check the manual that corresponds to your MySQL server version for the right syntax to use near 'FROM Customer\n            WHERE userId = 'test1'' at line 2 \n{\"message\":\"You have an error in your SQL syntax; check the manual that corresponds to your MySQL server version for the right syntax to use near 'FROM Customer\\n            WHERE userId = 'test1'' at line 2\",\"code\":\"ER_PARSE_ERROR\",\"errno\":1064,\"sqlState\":\"42000\",\"sqlMessage\":\"You have an error in your SQL syntax; check the manual that corresponds to your MySQL server version for the right syntax to use near 'FROM Customer\\n            WHERE userId = 'test1'' at line 2\"}","level":"error","timestamp":"2021-05-07 11:44:16"}
{"message":"App - postSignIn Service error\n: You have an error in your SQL syntax; check the manual that corresponds to your MySQL server version for the right syntax to use near 'FROM Customer\n            WHERE userId = 'test1'' at line 2 \n{\"message\":\"You have an error in your SQL syntax; check the manual that corresponds to your MySQL server version for the right syntax to use near 'FROM Customer\\n            WHERE userId = 'test1'' at line 2\",\"code\":\"ER_PARSE_ERROR\",\"errno\":1064,\"sqlState\":\"42000\",\"sqlMessage\":\"You have an error in your SQL syntax; check the manual that corresponds to your MySQL server version for the right syntax to use near 'FROM Customer\\n            WHERE userId = 'test1'' at line 2\"}","level":"error","timestamp":"2021-05-07 11:52:49"}
{"message":"undefined - API Server Start At Port 3000","level":"info","timestamp":"2021-05-07 11:54:24"}
{"message":"undefined - API Server Start At Port 3000","level":"info","timestamp":"2021-05-07 11:54:25"}
{"message":"App - postSignIn Service error\n: You have an error in your SQL syntax; check the manual that corresponds to your MySQL server version for the right syntax to use near 'FROM Customer\n            WHERE userId = 'aaaaaa'' at line 2 \n{\"message\":\"You have an error in your SQL syntax; check the manual that corresponds to your MySQL server version for the right syntax to use near 'FROM Customer\\n            WHERE userId = 'aaaaaa'' at line 2\",\"code\":\"ER_PARSE_ERROR\",\"errno\":1064,\"sqlState\":\"42000\",\"sqlMessage\":\"You have an error in your SQL syntax; check the manual that corresponds to your MySQL server version for the right syntax to use near 'FROM Customer\\n            WHERE userId = 'aaaaaa'' at line 2\"}","level":"error","timestamp":"2021-05-07 11:56:35"}
{"message":"undefined - API Server Start At Port 3000","level":"info","timestamp":"2021-05-07 12:03:15"}
{"message":"undefined - API Server Start At Port 3000","level":"info","timestamp":"2021-05-07 12:03:16"}
{"message":"App - postSignIn Service error\n: You have an error in your SQL syntax; check the manual that corresponds to your MySQL server version for the right syntax to use near 'FROM Customer\n            WHERE userId = 'aaaaaa'' at line 2 \n{\"message\":\"You have an error in your SQL syntax; check the manual that corresponds to your MySQL server version for the right syntax to use near 'FROM Customer\\n            WHERE userId = 'aaaaaa'' at line 2\",\"code\":\"ER_PARSE_ERROR\",\"errno\":1064,\"sqlState\":\"42000\",\"sqlMessage\":\"You have an error in your SQL syntax; check the manual that corresponds to your MySQL server version for the right syntax to use near 'FROM Customer\\n            WHERE userId = 'aaaaaa'' at line 2\"}","level":"error","timestamp":"2021-05-07 12:03:36"}
{"message":"undefined - API Server Start At Port 3000","level":"info","timestamp":"2021-05-07 12:04:23"}
{"message":"undefined - API Server Start At Port 3000","level":"info","timestamp":"2021-05-07 12:04:25"}
{"message":"App - postSignIn Service error\n: You have an error in your SQL syntax; check the manual that corresponds to your MySQL server version for the right syntax to use near 'FROM Customer\n            WHERE userId = 'aaaaaa'' at line 2 \n{\"message\":\"You have an error in your SQL syntax; check the manual that corresponds to your MySQL server version for the right syntax to use near 'FROM Customer\\n            WHERE userId = 'aaaaaa'' at line 2\",\"code\":\"ER_PARSE_ERROR\",\"errno\":1064,\"sqlState\":\"42000\",\"sqlMessage\":\"You have an error in your SQL syntax; check the manual that corresponds to your MySQL server version for the right syntax to use near 'FROM Customer\\n            WHERE userId = 'aaaaaa'' at line 2\"}","level":"error","timestamp":"2021-05-07 12:04:26"}
{"message":"undefined - API Server Start At Port 3000","level":"info","timestamp":"2021-05-07 12:05:26"}
{"message":"undefined - API Server Start At Port 3000","level":"info","timestamp":"2021-05-07 12:05:28"}
{"message":"App - postSignIn Service error\n: You have an error in your SQL syntax; check the manual that corresponds to your MySQL server version for the right syntax to use near 'FROM Customer\n            WHERE userId = 'aaaaaa'' at line 2 \n{\"message\":\"You have an error in your SQL syntax; check the manual that corresponds to your MySQL server version for the right syntax to use near 'FROM Customer\\n            WHERE userId = 'aaaaaa'' at line 2\",\"code\":\"ER_PARSE_ERROR\",\"errno\":1064,\"sqlState\":\"42000\",\"sqlMessage\":\"You have an error in your SQL syntax; check the manual that corresponds to your MySQL server version for the right syntax to use near 'FROM Customer\\n            WHERE userId = 'aaaaaa'' at line 2\"}","level":"error","timestamp":"2021-05-07 12:05:30"}
{"message":"undefined - API Server Start At Port 3000","level":"info","timestamp":"2021-05-07 12:06:24"}
{"message":"undefined - API Server Start At Port 3000","level":"info","timestamp":"2021-05-07 12:06:25"}
{"message":"undefined - API Server Start At Port 3000","level":"info","timestamp":"2021-05-07 12:06:38"}
{"message":"undefined - API Server Start At Port 3000","level":"info","timestamp":"2021-05-07 12:06:40"}
{"message":"App - postSignIn Service error\n: You have an error in your SQL syntax; check the manual that corresponds to your MySQL server version for the right syntax to use near 'FROM Customer\n            WHERE userId = 'aaaaaa'' at line 2 \n{\"message\":\"You have an error in your SQL syntax; check the manual that corresponds to your MySQL server version for the right syntax to use near 'FROM Customer\\n            WHERE userId = 'aaaaaa'' at line 2\",\"code\":\"ER_PARSE_ERROR\",\"errno\":1064,\"sqlState\":\"42000\",\"sqlMessage\":\"You have an error in your SQL syntax; check the manual that corresponds to your MySQL server version for the right syntax to use near 'FROM Customer\\n            WHERE userId = 'aaaaaa'' at line 2\"}","level":"error","timestamp":"2021-05-07 12:06:43"}
{"message":"undefined - API Server Start At Port 3000","level":"info","timestamp":"2021-05-07 12:06:57"}
{"message":"undefined - API Server Start At Port 3000","level":"info","timestamp":"2021-05-07 12:06:58"}
{"message":"App - postSignIn Service error\n: You have an error in your SQL syntax; check the manual that corresponds to your MySQL server version for the right syntax to use near 'FROM Customer\n            WHERE userId = 'aaaaaa'' at line 2 \n{\"message\":\"You have an error in your SQL syntax; check the manual that corresponds to your MySQL server version for the right syntax to use near 'FROM Customer\\n            WHERE userId = 'aaaaaa'' at line 2\",\"code\":\"ER_PARSE_ERROR\",\"errno\":1064,\"sqlState\":\"42000\",\"sqlMessage\":\"You have an error in your SQL syntax; check the manual that corresponds to your MySQL server version for the right syntax to use near 'FROM Customer\\n            WHERE userId = 'aaaaaa'' at line 2\"}","level":"error","timestamp":"2021-05-07 12:07:09"}
{"message":"undefined - API Server Start At Port 3000","level":"info","timestamp":"2021-05-07 12:07:49"}
{"message":"undefined - API Server Start At Port 3000","level":"info","timestamp":"2021-05-07 12:07:50"}
{"message":"App - postSignIn Service error\n: You have an error in your SQL syntax; check the manual that corresponds to your MySQL server version for the right syntax to use near 'FROM Customer\n            WHERE userId = 'aaaaaa'' at line 2 \n{\"message\":\"You have an error in your SQL syntax; check the manual that corresponds to your MySQL server version for the right syntax to use near 'FROM Customer\\n            WHERE userId = 'aaaaaa'' at line 2\",\"code\":\"ER_PARSE_ERROR\",\"errno\":1064,\"sqlState\":\"42000\",\"sqlMessage\":\"You have an error in your SQL syntax; check the manual that corresponds to your MySQL server version for the right syntax to use near 'FROM Customer\\n            WHERE userId = 'aaaaaa'' at line 2\"}","level":"error","timestamp":"2021-05-07 12:07:52"}
{"message":"undefined - API Server Start At Port 3000","level":"info","timestamp":"2021-05-07 12:08:34"}
{"message":"undefined - API Server Start At Port 3000","level":"info","timestamp":"2021-05-07 12:08:36"}
{"message":"App - postSignIn Service error\n: You have an error in your SQL syntax; check the manual that corresponds to your MySQL server version for the right syntax to use near 'FROM Customer\n            WHERE userId = 'aaaaaa'' at line 2 \n{\"message\":\"You have an error in your SQL syntax; check the manual that corresponds to your MySQL server version for the right syntax to use near 'FROM Customer\\n            WHERE userId = 'aaaaaa'' at line 2\",\"code\":\"ER_PARSE_ERROR\",\"errno\":1064,\"sqlState\":\"42000\",\"sqlMessage\":\"You have an error in your SQL syntax; check the manual that corresponds to your MySQL server version for the right syntax to use near 'FROM Customer\\n            WHERE userId = 'aaaaaa'' at line 2\"}","level":"error","timestamp":"2021-05-07 12:08:38"}
{"message":"undefined - API Server Start At Port 3000","level":"info","timestamp":"2021-05-07 12:09:16"}
{"message":"undefined - API Server Start At Port 3000","level":"info","timestamp":"2021-05-07 12:09:18"}
{"message":"App - postSignIn Service error\n: You have an error in your SQL syntax; check the manual that corresponds to your MySQL server version for the right syntax to use near 'FROM Customer\n            WHERE userId = 'aaaaaa'' at line 2 \n{\"message\":\"You have an error in your SQL syntax; check the manual that corresponds to your MySQL server version for the right syntax to use near 'FROM Customer\\n            WHERE userId = 'aaaaaa'' at line 2\",\"code\":\"ER_PARSE_ERROR\",\"errno\":1064,\"sqlState\":\"42000\",\"sqlMessage\":\"You have an error in your SQL syntax; check the manual that corresponds to your MySQL server version for the right syntax to use near 'FROM Customer\\n            WHERE userId = 'aaaaaa'' at line 2\"}","level":"error","timestamp":"2021-05-07 12:09:21"}
{"message":"undefined - API Server Start At Port 3000","level":"info","timestamp":"2021-05-07 12:10:26"}
{"message":"undefined - API Server Start At Port 3000","level":"info","timestamp":"2021-05-07 12:10:27"}
{"message":"undefined - API Server Start At Port 3000","level":"info","timestamp":"2021-05-07 12:11:10"}
{"message":"undefined - API Server Start At Port 3000","level":"info","timestamp":"2021-05-07 12:11:12"}
{"message":"App - postSignIn Service error\n: cusomterProvider is not defined \n{}","level":"error","timestamp":"2021-05-07 12:11:19"}
{"message":"undefined - API Server Start At Port 3000","level":"info","timestamp":"2021-05-07 12:13:10"}
{"message":"undefined - API Server Start At Port 3000","level":"info","timestamp":"2021-05-07 12:13:12"}
{"message":"undefined - API Server Start At Port 3000","level":"info","timestamp":"2021-05-07 12:13:38"}
{"message":"undefined - API Server Start At Port 3000","level":"info","timestamp":"2021-05-07 12:13:39"}
{"message":"App - postSignIn Service error\n: cusomterProvider is not defined \n{}","level":"error","timestamp":"2021-05-07 12:13:41"}
{"message":"App - postSignIn Service error\n: cusomterProvider is not defined \n{}","level":"error","timestamp":"2021-05-07 12:13:55"}
{"message":"undefined - API Server Start At Port 3000","level":"info","timestamp":"2021-05-07 12:14:53"}
{"message":"undefined - API Server Start At Port 3000","level":"info","timestamp":"2021-05-07 12:14:55"}
{"message":"App - postSignIn Service error\n: Cannot read property 'password' of undefined \n{}","level":"error","timestamp":"2021-05-07 12:14:58"}
{"message":"undefined - API Server Start At Port 3000","level":"info","timestamp":"2021-05-07 12:15:37"}
{"message":"undefined - API Server Start At Port 3000","level":"info","timestamp":"2021-05-07 12:15:39"}
{"message":"undefined - API Server Start At Port 3000","level":"info","timestamp":"2021-05-07 12:16:18"}
{"message":"undefined - API Server Start At Port 3000","level":"info","timestamp":"2021-05-07 12:16:20"}
{"message":"App - postSignIn Service error\n: Cannot read property 'password' of undefined \n{}","level":"error","timestamp":"2021-05-07 12:16:23"}
{"message":"undefined - API Server Start At Port 3000","level":"info","timestamp":"2021-05-07 12:16:39"}
{"message":"undefined - API Server Start At Port 3000","level":"info","timestamp":"2021-05-07 12:16:41"}
{"message":"App - postSignIn Service error\n: Cannot read property 'password' of undefined \n{}","level":"error","timestamp":"2021-05-07 12:16:42"}
{"message":"undefined - API Server Start At Port 3000","level":"info","timestamp":"2021-05-07 12:17:44"}
{"message":"undefined - API Server Start At Port 3000","level":"info","timestamp":"2021-05-07 12:17:45"}
{"message":"App - postSignIn Service error\n: Cannot read property 'password' of undefined \n{}","level":"error","timestamp":"2021-05-07 12:18:03"}
{"message":"undefined - API Server Start At Port 3000","level":"info","timestamp":"2021-05-07 12:18:54"}
{"message":"undefined - API Server Start At Port 3000","level":"info","timestamp":"2021-05-07 12:18:55"}
{"message":"App - postSignIn Service error\n: hashedPassword is not defined \n{}","level":"error","timestamp":"2021-05-07 12:18:59"}
{"message":"undefined - API Server Start At Port 3000","level":"info","timestamp":"2021-05-07 12:20:28"}
{"message":"undefined - API Server Start At Port 3000","level":"info","timestamp":"2021-05-07 12:20:30"}
{"message":"App - postSignIn Service error\n: hashedPassword is not defined \n{}","level":"error","timestamp":"2021-05-07 12:20:34"}
{"message":"App - postSignIn Service error\n: hashedPassword is not defined \n{}","level":"error","timestamp":"2021-05-07 13:28:43"}
{"message":"undefined - API Server Start At Port 3000","level":"info","timestamp":"2021-05-07 13:29:08"}
{"message":"undefined - API Server Start At Port 3000","level":"info","timestamp":"2021-05-07 13:29:09"}
{"message":"App - postSignIn Service error\n: hashedPassword is not defined \n{}","level":"error","timestamp":"2021-05-07 13:29:13"}
{"message":"undefined - API Server Start At Port 3000","level":"info","timestamp":"2021-05-07 13:31:03"}
{"message":"undefined - API Server Start At Port 3000","level":"info","timestamp":"2021-05-07 13:31:05"}
{"message":"App - postSignIn Service error\n: userDao is not defined \n{}","level":"error","timestamp":"2021-05-07 13:31:07"}
{"message":"undefined - API Server Start At Port 3000","level":"info","timestamp":"2021-05-07 13:31:56"}
{"message":"undefined - API Server Start At Port 3000","level":"info","timestamp":"2021-05-07 13:31:57"}
{"message":"App - postSignIn Service error\n: Identifier 'selectCustomerAccountQuery' has already been declared \n{}","level":"error","timestamp":"2021-05-07 13:32:10"}
{"message":"undefined - API Server Start At Port 3000","level":"info","timestamp":"2021-05-07 13:33:01"}
{"message":"undefined - API Server Start At Port 3000","level":"info","timestamp":"2021-05-07 13:33:03"}
{"message":"undefined - API Server Start At Port 3000","level":"info","timestamp":"2021-05-07 13:33:13"}
{"message":"undefined - API Server Start At Port 3000","level":"info","timestamp":"2021-05-07 13:33:14"}
{"message":"App - postSignIn Service error\n: Identifier 'selectCustomerAccountQuery' has already been declared \n{}","level":"error","timestamp":"2021-05-07 13:33:15"}
{"message":"App - postSignIn Service error\n: Identifier 'selectCustomerAccountQuery' has already been declared \n{}","level":"error","timestamp":"2021-05-07 13:33:17"}
{"message":"undefined - API Server Start At Port 3000","level":"info","timestamp":"2021-05-07 13:34:33"}
{"message":"undefined - API Server Start At Port 3000","level":"info","timestamp":"2021-05-07 13:34:34"}
{"message":"App - postSignIn Service error\n: Unknown column 'id' in 'field list' \n{\"message\":\"Unknown column 'id' in 'field list'\",\"code\":\"ER_BAD_FIELD_ERROR\",\"errno\":1054,\"sqlState\":\"42S22\",\"sqlMessage\":\"Unknown column 'id' in 'field list'\"}","level":"error","timestamp":"2021-05-07 13:34:40"}
{"message":"undefined - API Server Start At Port 3000","level":"info","timestamp":"2021-05-07 13:34:58"}
{"message":"undefined - API Server Start At Port 3000","level":"info","timestamp":"2021-05-07 13:35:00"}
{"message":"App - postSignIn Service error\n: userAccountResult is not defined \n{}","level":"error","timestamp":"2021-05-07 13:35:03"}
{"message":"undefined - API Server Start At Port 3000","level":"info","timestamp":"2021-05-07 13:35:46"}
{"message":"undefined - API Server Start At Port 3000","level":"info","timestamp":"2021-05-07 13:35:48"}
{"message":"App - postSignIn Service error\n: userInfoRows is not defined \n{}","level":"error","timestamp":"2021-05-07 13:35:52"}
{"message":"undefined - API Server Start At Port 3000","level":"info","timestamp":"2021-05-07 13:36:08"}
{"message":"undefined - API Server Start At Port 3000","level":"info","timestamp":"2021-05-07 13:36:36"}
{"message":"undefined - API Server Start At Port 3000","level":"info","timestamp":"2021-05-07 13:36:38"}
{"message":"undefined - API Server Start At Port 3000","level":"info","timestamp":"2021-05-07 13:41:06"}
{"message":"undefined - API Server Start At Port 3000","level":"info","timestamp":"2021-05-07 13:41:08"}
{"message":"undefined - API Server Start At Port 3000","level":"info","timestamp":"2021-05-07 16:24:44"}
{"message":"undefined - API Server Start At Port 3000","level":"info","timestamp":"2021-05-07 16:24:46"}
{"message":"undefined - API Server Start At Port 3000","level":"info","timestamp":"2021-05-07 16:25:37"}
{"message":"undefined - API Server Start At Port 3000","level":"info","timestamp":"2021-05-07 16:25:38"}
{"message":"undefined - API Server Start At Port 3000","level":"info","timestamp":"2021-05-07 16:26:06"}
{"message":"undefined - API Server Start At Port 3000","level":"info","timestamp":"2021-05-07 16:26:07"}
{"message":"undefined - API Server Start At Port 3000","level":"info","timestamp":"2021-05-07 16:32:13"}
{"message":"undefined - API Server Start At Port 3000","level":"info","timestamp":"2021-05-07 16:32:15"}
{"message":"undefined - API Server Start At Port 3000","level":"info","timestamp":"2021-05-07 16:35:22"}
{"message":"undefined - API Server Start At Port 3000","level":"info","timestamp":"2021-05-07 16:35:23"}
{"message":"undefined - API Server Start At Port 3000","level":"info","timestamp":"2021-05-07 16:35:42"}
{"message":"undefined - API Server Start At Port 3000","level":"info","timestamp":"2021-05-07 16:35:43"}
{"message":"undefined - API Server Start At Port 3000","level":"info","timestamp":"2021-05-07 16:36:45"}
{"message":"undefined - API Server Start At Port 3000","level":"info","timestamp":"2021-05-07 16:46:02"}
{"message":"undefined - API Server Start At Port 3000","level":"info","timestamp":"2021-05-07 16:47:40"}
{"message":"undefined - API Server Start At Port 3000","level":"info","timestamp":"2021-05-07 16:47:42"}
{"message":"undefined - API Server Start At Port 3000","level":"info","timestamp":"2021-05-07 16:54:31"}
{"message":"undefined - API Server Start At Port 3000","level":"info","timestamp":"2021-05-07 16:54:33"}
{"message":"undefined - API Server Start At Port 3000","level":"info","timestamp":"2021-05-07 16:55:27"}
{"message":"undefined - API Server Start At Port 3000","level":"info","timestamp":"2021-05-07 16:55:29"}
{"message":"undefined - API Server Start At Port 3000","level":"info","timestamp":"2021-05-07 17:00:59"}
{"message":"undefined - API Server Start At Port 3000","level":"info","timestamp":"2021-05-07 17:01:01"}
{"message":"undefined - API Server Start At Port 3000","level":"info","timestamp":"2021-05-07 17:01:31"}
{"message":"undefined - API Server Start At Port 3000","level":"info","timestamp":"2021-05-07 17:01:33"}
{"message":"undefined - API Server Start At Port 3000","level":"info","timestamp":"2021-05-07 17:01:42"}
{"message":"undefined - API Server Start At Port 3000","level":"info","timestamp":"2021-05-07 17:01:44"}
{"message":"undefined - API Server Start At Port 3000","level":"info","timestamp":"2021-05-07 17:01:49"}
{"message":"undefined - API Server Start At Port 3000","level":"info","timestamp":"2021-05-07 17:01:50"}
{"message":"App - postSignIn Service error\n: You have an error in your SQL syntax; check the manual that corresponds to your MySQL server version for the right syntax to use near '?' at line 3 \n{\"message\":\"You have an error in your SQL syntax; check the manual that corresponds to your MySQL server version for the right syntax to use near '?' at line 3\",\"code\":\"ER_PARSE_ERROR\",\"errno\":1064,\"sqlState\":\"42000\",\"sqlMessage\":\"You have an error in your SQL syntax; check the manual that corresponds to your MySQL server version for the right syntax to use near '?' at line 3\"}","level":"error","timestamp":"2021-05-07 17:11:16"}
{"message":"undefined - API Server Start At Port 3000","level":"info","timestamp":"2021-05-07 17:25:05"}
{"message":"undefined - API Server Start At Port 3000","level":"info","timestamp":"2021-05-07 17:25:07"}
{"message":"undefined - API Server Start At Port 3000","level":"info","timestamp":"2021-05-07 17:53:44"}
{"message":"undefined - API Server Start At Port 3000","level":"info","timestamp":"2021-05-07 17:53:46"}
{"message":"undefined - API Server Start At Port 3000","level":"info","timestamp":"2021-05-07 17:55:49"}
{"message":"undefined - API Server Start At Port 3000","level":"info","timestamp":"2021-05-07 17:55:50"}
{"message":"undefined - API Server Start At Port 3000","level":"info","timestamp":"2021-05-07 17:57:54"}
{"message":"undefined - API Server Start At Port 3000","level":"info","timestamp":"2021-05-07 17:57:55"}
{"message":"undefined - API Server Start At Port 3000","level":"info","timestamp":"2021-05-07 18:03:13"}
{"message":"undefined - API Server Start At Port 3000","level":"info","timestamp":"2021-05-07 18:03:14"}
{"message":"undefined - API Server Start At Port 3000","level":"info","timestamp":"2021-05-07 18:13:09"}
{"message":"undefined - API Server Start At Port 3000","level":"info","timestamp":"2021-05-07 18:13:11"}
